INFO [2020-12-11 20:27:29] $x
INFO [2020-12-11 20:27:29] list(Western_Amazon_mask_sp_list, Northern_Andes_mask_sp_list, 
INFO [2020-12-11 20:27:29]     Central_Andes_mask_sp_list, Western_Lowlands_mask_sp_list)
INFO [2020-12-11 20:27:29] 
INFO [2020-12-11 20:27:29] $category.names
INFO [2020-12-11 20:27:29] c("Western Amazon", "Northern Andes", "Central Andes", "Western Lowlands")
INFO [2020-12-11 20:27:29] 
INFO [2020-12-11 20:27:29] $filename
INFO [2020-12-11 20:27:29] [1] "./graphs/Venn_diag/All_4_regions.tiff"
INFO [2020-12-11 20:27:29] 
INFO [2020-12-11 20:27:29] $imagetype
INFO [2020-12-11 20:27:29] [1] "tiff"
INFO [2020-12-11 20:27:29] 
INFO [2020-12-11 20:27:29] $output
INFO [2020-12-11 20:27:29] T
INFO [2020-12-11 20:27:29] 
INFO [2020-12-11 20:27:29] $height
INFO [2020-12-11 20:27:29] [1] 480
INFO [2020-12-11 20:27:29] 
INFO [2020-12-11 20:27:29] $width
INFO [2020-12-11 20:27:29] [1] 480
INFO [2020-12-11 20:27:29] 
INFO [2020-12-11 20:27:29] $resolution
INFO [2020-12-11 20:27:29] [1] 300
INFO [2020-12-11 20:27:29] 
INFO [2020-12-11 20:27:29] $compression
INFO [2020-12-11 20:27:29] [1] "lzw"
INFO [2020-12-11 20:27:29] 
INFO [2020-12-11 20:27:29] $lwd
INFO [2020-12-11 20:27:29] [1] 1
INFO [2020-12-11 20:27:29] 
INFO [2020-12-11 20:27:29] $col
INFO [2020-12-11 20:27:29] c("#440154ff", "#21908dff", "#fde725ff", "red")
INFO [2020-12-11 20:27:29] 
INFO [2020-12-11 20:27:29] $fill
INFO [2020-12-11 20:27:29] c("#440154ff", "#21908dff", "#fde725ff", "red")
INFO [2020-12-11 20:27:29] 
INFO [2020-12-11 20:27:29] $alpha
INFO [2020-12-11 20:27:29] [1] 0.3
INFO [2020-12-11 20:27:29] 
INFO [2020-12-11 20:27:29] $cex
INFO [2020-12-11 20:27:29] [1] 0.5
INFO [2020-12-11 20:27:29] 
INFO [2020-12-11 20:27:29] $fontfamily
INFO [2020-12-11 20:27:29] [1] "sans"
INFO [2020-12-11 20:27:29] 
INFO [2020-12-11 20:27:29] $cat.cex
INFO [2020-12-11 20:27:29] [1] 0.3
INFO [2020-12-11 20:27:29] 
INFO [2020-12-11 20:27:29] $cat.default.pos
INFO [2020-12-11 20:27:29] [1] "outer"
INFO [2020-12-11 20:27:29] 
INFO [2020-12-11 20:27:29] $cat.pos
INFO [2020-12-11 20:27:29] c(-27, 27, 135, -135)
INFO [2020-12-11 20:27:29] 
INFO [2020-12-11 20:27:29] $cat.dist
INFO [2020-12-11 20:27:29] c(0.055, 0.055, 0.085, 0.085)
INFO [2020-12-11 20:27:29] 
INFO [2020-12-11 20:27:29] $cat.fontfamily
INFO [2020-12-11 20:27:29] [1] "sans"
INFO [2020-12-11 20:27:29] 
INFO [2020-12-11 20:27:29] $cat.col
INFO [2020-12-11 20:27:29] c("#440154ff", "#21908dff", "#fde725ff", "red")
INFO [2020-12-11 20:27:29] 
INFO [2020-12-11 20:27:29] $rotation.degree
INFO [2020-12-11 20:27:29] [1] 0
INFO [2020-12-11 20:27:29] 
INFO [2020-12-11 20:27:29] $margin
INFO [2020-12-11 20:27:29] [1] 0.2
INFO [2020-12-11 20:27:29] 
