INFO [2020-12-11 20:25:37] $x
INFO [2020-12-11 20:25:37] list(Western_Amazon_mask_sp_list, Northern_Andes_mask_sp_list, 
INFO [2020-12-11 20:25:37]     Central_Andes_mask_sp_list, Western_Lowlands_mask_sp_list)
INFO [2020-12-11 20:25:37] 
INFO [2020-12-11 20:25:37] $category.names
INFO [2020-12-11 20:25:37] c("Western Amazon", "Northern Andes", "Central Andes", "Western Lowlands")
INFO [2020-12-11 20:25:37] 
INFO [2020-12-11 20:25:37] $filename
INFO [2020-12-11 20:25:37] [1] "./graphs/Venn_diag/All_4_regions.tiff"
INFO [2020-12-11 20:25:37] 
INFO [2020-12-11 20:25:37] $imagetype
INFO [2020-12-11 20:25:37] [1] "tiff"
INFO [2020-12-11 20:25:37] 
INFO [2020-12-11 20:25:37] $height
INFO [2020-12-11 20:25:37] [1] 480
INFO [2020-12-11 20:25:37] 
INFO [2020-12-11 20:25:37] $width
INFO [2020-12-11 20:25:37] [1] 480
INFO [2020-12-11 20:25:37] 
INFO [2020-12-11 20:25:37] $resolution
INFO [2020-12-11 20:25:37] [1] 300
INFO [2020-12-11 20:25:37] 
INFO [2020-12-11 20:25:37] $compression
INFO [2020-12-11 20:25:37] [1] "lzw"
INFO [2020-12-11 20:25:37] 
INFO [2020-12-11 20:25:37] $lwd
INFO [2020-12-11 20:25:37] [1] 1
INFO [2020-12-11 20:25:37] 
INFO [2020-12-11 20:25:37] $col
INFO [2020-12-11 20:25:37] c("#440154ff", "#21908dff", "#fde725ff", "red")
INFO [2020-12-11 20:25:37] 
INFO [2020-12-11 20:25:37] $fill
INFO [2020-12-11 20:25:37] c("#440154ff", "#21908dff", "#fde725ff", "red")
INFO [2020-12-11 20:25:37] 
INFO [2020-12-11 20:25:37] $alpha
INFO [2020-12-11 20:25:37] [1] 0.3
INFO [2020-12-11 20:25:37] 
INFO [2020-12-11 20:25:37] $cex
INFO [2020-12-11 20:25:37] [1] 0.5
INFO [2020-12-11 20:25:37] 
INFO [2020-12-11 20:25:37] $fontfamily
INFO [2020-12-11 20:25:37] [1] "sans"
INFO [2020-12-11 20:25:37] 
INFO [2020-12-11 20:25:37] $cat.cex
INFO [2020-12-11 20:25:37] [1] 0.3
INFO [2020-12-11 20:25:37] 
INFO [2020-12-11 20:25:37] $cat.default.pos
INFO [2020-12-11 20:25:37] [1] "outer"
INFO [2020-12-11 20:25:37] 
INFO [2020-12-11 20:25:37] $cat.pos
INFO [2020-12-11 20:25:37] c(-27, 27, 135, -135)
INFO [2020-12-11 20:25:37] 
INFO [2020-12-11 20:25:37] $cat.dist
INFO [2020-12-11 20:25:37] c(0.055, 0.055, 0.085, 0.085)
INFO [2020-12-11 20:25:37] 
INFO [2020-12-11 20:25:37] $cat.fontfamily
INFO [2020-12-11 20:25:37] [1] "sans"
INFO [2020-12-11 20:25:37] 
INFO [2020-12-11 20:25:37] $cat.col
INFO [2020-12-11 20:25:37] c("#440154ff", "#21908dff", "#fde725ff", "red")
INFO [2020-12-11 20:25:37] 
INFO [2020-12-11 20:25:37] $rotation.degree
INFO [2020-12-11 20:25:37] [1] 0
INFO [2020-12-11 20:25:37] 
INFO [2020-12-11 20:25:37] $margin
INFO [2020-12-11 20:25:37] [1] 0.2
INFO [2020-12-11 20:25:37] 
