INFO [2020-12-11 20:30:54] $x
INFO [2020-12-11 20:30:54] list(Western_Amazon_mask_sp_list, Northern_Andes_mask_sp_list, 
INFO [2020-12-11 20:30:54]     Central_Andes_mask_sp_list)
INFO [2020-12-11 20:30:54] 
INFO [2020-12-11 20:30:54] $category.names
INFO [2020-12-11 20:30:54] c("Western Amazon", "Northern Andes", "Central Andes")
INFO [2020-12-11 20:30:54] 
INFO [2020-12-11 20:30:54] $filename
INFO [2020-12-11 20:30:54] [1] "./graphs/Venn_diag/Andes_2_Upper_Amazon_regions.tiff"
INFO [2020-12-11 20:30:54] 
INFO [2020-12-11 20:30:54] $imagetype
INFO [2020-12-11 20:30:54] [1] "tiff"
INFO [2020-12-11 20:30:54] 
INFO [2020-12-11 20:30:54] $output
INFO [2020-12-11 20:30:54] T
INFO [2020-12-11 20:30:54] 
INFO [2020-12-11 20:30:54] $height
INFO [2020-12-11 20:30:54] [1] 480
INFO [2020-12-11 20:30:54] 
INFO [2020-12-11 20:30:54] $width
INFO [2020-12-11 20:30:54] [1] 480
INFO [2020-12-11 20:30:54] 
INFO [2020-12-11 20:30:54] $resolution
INFO [2020-12-11 20:30:54] [1] 300
INFO [2020-12-11 20:30:54] 
INFO [2020-12-11 20:30:54] $compression
INFO [2020-12-11 20:30:54] [1] "lzw"
INFO [2020-12-11 20:30:54] 
INFO [2020-12-11 20:30:54] $lwd
INFO [2020-12-11 20:30:54] [1] 1
INFO [2020-12-11 20:30:54] 
INFO [2020-12-11 20:30:54] $col
INFO [2020-12-11 20:30:54] c("#440154ff", "#21908dff", "#fde725ff")
INFO [2020-12-11 20:30:54] 
INFO [2020-12-11 20:30:54] $fill
INFO [2020-12-11 20:30:54] c("#440154ff", "#21908dff", "#fde725ff")
INFO [2020-12-11 20:30:54] 
INFO [2020-12-11 20:30:54] $alpha
INFO [2020-12-11 20:30:54] [1] 0.3
INFO [2020-12-11 20:30:54] 
INFO [2020-12-11 20:30:54] $cex
INFO [2020-12-11 20:30:54] [1] 0.5
INFO [2020-12-11 20:30:54] 
INFO [2020-12-11 20:30:54] $fontfamily
INFO [2020-12-11 20:30:54] [1] "sans"
INFO [2020-12-11 20:30:54] 
INFO [2020-12-11 20:30:54] $cat.cex
INFO [2020-12-11 20:30:54] [1] 0.3
INFO [2020-12-11 20:30:54] 
INFO [2020-12-11 20:30:54] $cat.default.pos
INFO [2020-12-11 20:30:54] [1] "outer"
INFO [2020-12-11 20:30:54] 
INFO [2020-12-11 20:30:54] $cat.pos
INFO [2020-12-11 20:30:54] c(-27, 27, 135)
INFO [2020-12-11 20:30:54] 
INFO [2020-12-11 20:30:54] $cat.dist
INFO [2020-12-11 20:30:54] c(0.055, 0.055, 0.085)
INFO [2020-12-11 20:30:54] 
INFO [2020-12-11 20:30:54] $cat.fontfamily
INFO [2020-12-11 20:30:54] [1] "sans"
INFO [2020-12-11 20:30:54] 
INFO [2020-12-11 20:30:54] $cat.col
INFO [2020-12-11 20:30:54] c("#440154ff", "#21908dff", "#fde725ff")
INFO [2020-12-11 20:30:54] 
INFO [2020-12-11 20:30:54] $rotation.degree
INFO [2020-12-11 20:30:54] [1] 0
INFO [2020-12-11 20:30:54] 
INFO [2020-12-11 20:30:54] $margin
INFO [2020-12-11 20:30:54] [1] 0.2
INFO [2020-12-11 20:30:54] 
