INFO [2020-12-11 20:35:13] $x
INFO [2020-12-11 20:35:13] list(Western_Amazon_mask_sp_list, Andes_mask_sp_list)
INFO [2020-12-11 20:35:13] 
INFO [2020-12-11 20:35:13] $category.names
INFO [2020-12-11 20:35:13] c("Western Amazon", "Central & Northern Andes")
INFO [2020-12-11 20:35:13] 
INFO [2020-12-11 20:35:13] $filename
INFO [2020-12-11 20:35:13] [1] "./graphs/Venn_diag/Andes_Upper_Amazon_regions.tiff"
INFO [2020-12-11 20:35:13] 
INFO [2020-12-11 20:35:13] $imagetype
INFO [2020-12-11 20:35:13] [1] "tiff"
INFO [2020-12-11 20:35:13] 
INFO [2020-12-11 20:35:13] $output
INFO [2020-12-11 20:35:13] T
INFO [2020-12-11 20:35:13] 
INFO [2020-12-11 20:35:13] $height
INFO [2020-12-11 20:35:13] [1] 480
INFO [2020-12-11 20:35:13] 
INFO [2020-12-11 20:35:13] $width
INFO [2020-12-11 20:35:13] [1] 480
INFO [2020-12-11 20:35:13] 
INFO [2020-12-11 20:35:13] $resolution
INFO [2020-12-11 20:35:13] [1] 300
INFO [2020-12-11 20:35:13] 
INFO [2020-12-11 20:35:13] $compression
INFO [2020-12-11 20:35:13] [1] "lzw"
INFO [2020-12-11 20:35:13] 
INFO [2020-12-11 20:35:13] $lwd
INFO [2020-12-11 20:35:13] [1] 1
INFO [2020-12-11 20:35:13] 
INFO [2020-12-11 20:35:13] $col
INFO [2020-12-11 20:35:13] c("#440154ff", "#21908dff")
INFO [2020-12-11 20:35:13] 
INFO [2020-12-11 20:35:13] $fill
INFO [2020-12-11 20:35:13] c("#440154ff", "#21908dff")
INFO [2020-12-11 20:35:13] 
INFO [2020-12-11 20:35:13] $alpha
INFO [2020-12-11 20:35:13] [1] 0.3
INFO [2020-12-11 20:35:13] 
INFO [2020-12-11 20:35:13] $cex
INFO [2020-12-11 20:35:13] [1] 0.5
INFO [2020-12-11 20:35:13] 
INFO [2020-12-11 20:35:13] $fontfamily
INFO [2020-12-11 20:35:13] [1] "sans"
INFO [2020-12-11 20:35:13] 
INFO [2020-12-11 20:35:13] $cat.cex
INFO [2020-12-11 20:35:13] [1] 0.3
INFO [2020-12-11 20:35:13] 
INFO [2020-12-11 20:35:13] $cat.default.pos
INFO [2020-12-11 20:35:13] [1] "outer"
INFO [2020-12-11 20:35:13] 
INFO [2020-12-11 20:35:13] $cat.pos
INFO [2020-12-11 20:35:13] c(-27, 27)
INFO [2020-12-11 20:35:13] 
INFO [2020-12-11 20:35:13] $cat.dist
INFO [2020-12-11 20:35:13] c(0.055, 0.055)
INFO [2020-12-11 20:35:13] 
INFO [2020-12-11 20:35:13] $cat.fontfamily
INFO [2020-12-11 20:35:13] [1] "sans"
INFO [2020-12-11 20:35:13] 
INFO [2020-12-11 20:35:13] $cat.col
INFO [2020-12-11 20:35:13] c("#440154ff", "#21908dff")
INFO [2020-12-11 20:35:13] 
INFO [2020-12-11 20:35:13] $rotation.degree
INFO [2020-12-11 20:35:13] [1] 0
INFO [2020-12-11 20:35:13] 
INFO [2020-12-11 20:35:13] $margin
INFO [2020-12-11 20:35:13] [1] 0.2
INFO [2020-12-11 20:35:13] 
ERROR [2020-12-11 21:05:55] Unexpected parameter length for 'label.col'
